<?xml version="1.0" encoding="UTF-8"?>
<testng-results skipped="0" failed="0" ignored="0" total="1" passed="1">
  <reporter-output>
  </reporter-output>
  <suite name="SFDCDemo" duration-ms="8047" started-at="2018-12-22T15:53:14Z" finished-at="2018-12-22T15:53:22Z">
    <groups>
    </groups>
    <test name="Login Page" duration-ms="8047" started-at="2018-12-22T15:53:14Z" finished-at="2018-12-22T15:53:22Z">
      <class name="com.CC.test.TestClass">
        <test-method status="PASS" signature="beforeclass()[pri:0, instance:com.CC.test.TestClass@3532ec19]" name="beforeclass" is-config="true" duration-ms="5724" started-at="2018-12-22T21:23:14Z" finished-at="2018-12-22T21:23:19Z">
          <reporter-output>
          </reporter-output>
        </test-method> <!-- beforeclass -->
        <test-method status="PASS" signature="login()[pri:0, instance:com.CC.test.TestClass@3532ec19]" name="login" duration-ms="2281" started-at="2018-12-22T21:23:19Z" finished-at="2018-12-22T21:23:22Z">
          <reporter-output>
          </reporter-output>
        </test-method> <!-- login -->
      </class> <!-- com.CC.test.TestClass -->
    </test> <!-- Login Page -->
  </suite> <!-- SFDCDemo -->
</testng-results>
