<?xml version="1.0" encoding="UTF-8"?>
<testng-results skipped="0" failed="0" ignored="0" total="1" passed="1">
  <reporter-output>
  </reporter-output>
  <suite name="SFDCDemo" duration-ms="15430" started-at="2020-07-29T10:31:27Z" finished-at="2020-07-29T10:31:43Z">
    <groups>
    </groups>
    <test name="Login Page" duration-ms="15430" started-at="2020-07-29T10:31:27Z" finished-at="2020-07-29T10:31:43Z">
      <class name="com.CC.test.TestClass">
        <test-method status="PASS" signature="beforeclass()[pri:0, instance:com.CC.test.TestClass@f6c48ac]" name="beforeclass" is-config="true" duration-ms="10520" started-at="2020-07-29T10:31:27Z" finished-at="2020-07-29T10:31:38Z">
          <reporter-output>
          </reporter-output>
        </test-method> <!-- beforeclass -->
        <test-method status="PASS" signature="login()[pri:0, instance:com.CC.test.TestClass@f6c48ac]" name="login" duration-ms="4847" started-at="2020-07-29T10:31:38Z" finished-at="2020-07-29T10:31:43Z">
          <reporter-output>
          </reporter-output>
        </test-method> <!-- login -->
      </class> <!-- com.CC.test.TestClass -->
    </test> <!-- Login Page -->
  </suite> <!-- SFDCDemo -->
</testng-results>
